
==========================================================================
resizer report_tns
--------------------------------------------------------------------------
tns 0.00

==========================================================================
resizer report_wns
--------------------------------------------------------------------------
wns 0.00

==========================================================================
resizer report_worst_slack
--------------------------------------------------------------------------
worst slack 5.12

==========================================================================
resizer report_checks -path_delay min
--------------------------------------------------------------------------
Startpoint: CPU_reset_a2$_DFF_P_
            (rising edge-triggered flip-flop clocked by clk)
Endpoint: CPU_reset_a3$_DFF_P_ (rising edge-triggered flip-flop clocked by clk)
Path Group: clk
Path Type: min

Fanout     Cap    Slew   Delay    Time   Description
-----------------------------------------------------------------------------
                  0.48    0.00    0.00   clock clk (rise edge)
                          0.00    0.00   clock network delay (ideal)
                  0.48    0.00    0.00 ^ CPU_reset_a2$_DFF_P_/CLK (sky130_fd_sc_hd__dfxtp_1)
     1    0.00    0.02    0.40    0.40 v CPU_reset_a2$_DFF_P_/Q (sky130_fd_sc_hd__dfxtp_1)
                                         CPU_reset_a2 (net)
                  0.02    0.00    0.40 v CPU_reset_a3$_DFF_P_/D (sky130_fd_sc_hd__dfxtp_4)
                                  0.40   data arrival time

                  0.48    0.00    0.00   clock clk (rise edge)
                          0.00    0.00   clock network delay (ideal)
                          0.76    0.76   clock uncertainty
                          0.00    0.76   clock reconvergence pessimism
                                  0.76 ^ CPU_reset_a3$_DFF_P_/CLK (sky130_fd_sc_hd__dfxtp_4)
                          0.06    0.82   library hold time
                                  0.82   data required time
-----------------------------------------------------------------------------
                                  0.82   data required time
                                 -0.40   data arrival time
-----------------------------------------------------------------------------
                                 -0.42   slack (VIOLATED)



==========================================================================
resizer report_checks -path_delay max
--------------------------------------------------------------------------
Startpoint: CPU_imm_a3[30]$_DFF_P_
            (rising edge-triggered flip-flop clocked by clk)
Endpoint: CPU_Xreg_value_a4[3][31]$_SDFFE_PP0P_
          (rising edge-triggered flip-flop clocked by clk)
Path Group: clk
Path Type: max

Fanout     Cap    Slew   Delay    Time   Description
-----------------------------------------------------------------------------
                  0.48    0.00    0.00   clock clk (rise edge)
                          0.00    0.00   clock network delay (ideal)
                  0.48    0.00    0.00 ^ CPU_imm_a3[30]$_DFF_P_/CLK (sky130_fd_sc_hd__dfxtp_4)
    51    0.25    0.70    0.92    0.92 ^ CPU_imm_a3[30]$_DFF_P_/Q (sky130_fd_sc_hd__dfxtp_4)
                                         CPU_imm_a3[10] (net)
                  0.70    0.01    0.92 ^ _11580_/A (sky130_fd_sc_hd__ha_2)
     6    0.02    0.09    0.45    1.38 v _11580_/SUM (sky130_fd_sc_hd__ha_2)
                                         _05686_ (net)
                  0.09    0.00    1.38 v _08116_/B (sky130_fd_sc_hd__nor4_1)
     3    0.01    0.53    0.50    1.87 ^ _08116_/Y (sky130_fd_sc_hd__nor4_1)
                                         _02724_ (net)
                  0.53    0.00    1.87 ^ _08121_/B (sky130_fd_sc_hd__nand2_1)
     3    0.01    0.13    0.17    2.04 v _08121_/Y (sky130_fd_sc_hd__nand2_1)
                                         _02729_ (net)
                  0.13    0.00    2.04 v _08266_/B1 (sky130_fd_sc_hd__a211o_1)
     2    0.02    0.10    0.36    2.40 v _08266_/X (sky130_fd_sc_hd__a211o_1)
                                         _02868_ (net)
                  0.10    0.00    2.40 v _08374_/A1 (sky130_fd_sc_hd__a211oi_2)
     3    0.01    0.32    0.32    2.72 ^ _08374_/Y (sky130_fd_sc_hd__a211oi_2)
                                         _02971_ (net)
                  0.32    0.00    2.72 ^ _08586_/A (sky130_fd_sc_hd__nand2_1)
     1    0.01    0.11    0.13    2.85 v _08586_/Y (sky130_fd_sc_hd__nand2_1)
                                         _03173_ (net)
                  0.11    0.00    2.85 v _08587_/S (sky130_fd_sc_hd__mux2i_2)
     1    0.01    0.07    0.19    3.04 v _08587_/Y (sky130_fd_sc_hd__mux2i_2)
                                         _03174_ (net)
                  0.07    0.00    3.04 v _08602_/A (sky130_fd_sc_hd__nor3_4)
    17    0.08    0.78    0.67    3.71 ^ _08602_/Y (sky130_fd_sc_hd__nor3_4)
                                         _03189_ (net)
                  0.78    0.01    3.72 ^ _09471_/A1 (sky130_fd_sc_hd__o21ai_0)
     1    0.00    0.13    0.19    3.91 v _09471_/Y (sky130_fd_sc_hd__o21ai_0)
                                         _00824_ (net)
                  0.13    0.00    3.91 v CPU_Xreg_value_a4[3][31]$_SDFFE_PP0P_/D (sky130_fd_sc_hd__dfxtp_1)
                                  3.91   data arrival time

                  0.48    9.55    9.55   clock clk (rise edge)
                          0.00    9.55   clock network delay (ideal)
                         -0.48    9.07   clock uncertainty
                          0.00    9.07   clock reconvergence pessimism
                                  9.07 ^ CPU_Xreg_value_a4[3][31]$_SDFFE_PP0P_/CLK (sky130_fd_sc_hd__dfxtp_1)
                         -0.05    9.03   library setup time
                                  9.03   data required time
-----------------------------------------------------------------------------
                                  9.03   data required time
                                 -3.91   data arrival time
-----------------------------------------------------------------------------
                                  5.12   slack (MET)



==========================================================================
resizer report_checks -unconstrained
--------------------------------------------------------------------------
Startpoint: CPU_imm_a3[30]$_DFF_P_
            (rising edge-triggered flip-flop clocked by clk)
Endpoint: CPU_Xreg_value_a4[3][31]$_SDFFE_PP0P_
          (rising edge-triggered flip-flop clocked by clk)
Path Group: clk
Path Type: max

Fanout     Cap    Slew   Delay    Time   Description
-----------------------------------------------------------------------------
                  0.48    0.00    0.00   clock clk (rise edge)
                          0.00    0.00   clock network delay (ideal)
                  0.48    0.00    0.00 ^ CPU_imm_a3[30]$_DFF_P_/CLK (sky130_fd_sc_hd__dfxtp_4)
    51    0.25    0.70    0.92    0.92 ^ CPU_imm_a3[30]$_DFF_P_/Q (sky130_fd_sc_hd__dfxtp_4)
                                         CPU_imm_a3[10] (net)
                  0.70    0.01    0.92 ^ _11580_/A (sky130_fd_sc_hd__ha_2)
     6    0.02    0.09    0.45    1.38 v _11580_/SUM (sky130_fd_sc_hd__ha_2)
                                         _05686_ (net)
                  0.09    0.00    1.38 v _08116_/B (sky130_fd_sc_hd__nor4_1)
     3    0.01    0.53    0.50    1.87 ^ _08116_/Y (sky130_fd_sc_hd__nor4_1)
                                         _02724_ (net)
                  0.53    0.00    1.87 ^ _08121_/B (sky130_fd_sc_hd__nand2_1)
     3    0.01    0.13    0.17    2.04 v _08121_/Y (sky130_fd_sc_hd__nand2_1)
                                         _02729_ (net)
                  0.13    0.00    2.04 v _08266_/B1 (sky130_fd_sc_hd__a211o_1)
     2    0.02    0.10    0.36    2.40 v _08266_/X (sky130_fd_sc_hd__a211o_1)
                                         _02868_ (net)
                  0.10    0.00    2.40 v _08374_/A1 (sky130_fd_sc_hd__a211oi_2)
     3    0.01    0.32    0.32    2.72 ^ _08374_/Y (sky130_fd_sc_hd__a211oi_2)
                                         _02971_ (net)
                  0.32    0.00    2.72 ^ _08586_/A (sky130_fd_sc_hd__nand2_1)
     1    0.01    0.11    0.13    2.85 v _08586_/Y (sky130_fd_sc_hd__nand2_1)
                                         _03173_ (net)
                  0.11    0.00    2.85 v _08587_/S (sky130_fd_sc_hd__mux2i_2)
     1    0.01    0.07    0.19    3.04 v _08587_/Y (sky130_fd_sc_hd__mux2i_2)
                                         _03174_ (net)
                  0.07    0.00    3.04 v _08602_/A (sky130_fd_sc_hd__nor3_4)
    17    0.08    0.78    0.67    3.71 ^ _08602_/Y (sky130_fd_sc_hd__nor3_4)
                                         _03189_ (net)
                  0.78    0.01    3.72 ^ _09471_/A1 (sky130_fd_sc_hd__o21ai_0)
     1    0.00    0.13    0.19    3.91 v _09471_/Y (sky130_fd_sc_hd__o21ai_0)
                                         _00824_ (net)
                  0.13    0.00    3.91 v CPU_Xreg_value_a4[3][31]$_SDFFE_PP0P_/D (sky130_fd_sc_hd__dfxtp_1)
                                  3.91   data arrival time

                  0.48    9.55    9.55   clock clk (rise edge)
                          0.00    9.55   clock network delay (ideal)
                         -0.48    9.07   clock uncertainty
                          0.00    9.07   clock reconvergence pessimism
                                  9.07 ^ CPU_Xreg_value_a4[3][31]$_SDFFE_PP0P_/CLK (sky130_fd_sc_hd__dfxtp_1)
                         -0.05    9.03   library setup time
                                  9.03   data required time
-----------------------------------------------------------------------------
                                  9.03   data required time
                                 -3.91   data arrival time
-----------------------------------------------------------------------------
                                  5.12   slack (MET)



==========================================================================
resizer report_check_types -max_slew -max_cap -max_fanout -violators
--------------------------------------------------------------------------

==========================================================================
resizer max_slew_check_slack
--------------------------------------------------------------------------
0.23866775631904602

==========================================================================
resizer max_slew_check_limit
--------------------------------------------------------------------------
1.5

==========================================================================
resizer max_slew_check_slack_limit
--------------------------------------------------------------------------
0.1591

==========================================================================
resizer max_fanout_check_slack
--------------------------------------------------------------------------
1.0000000150474662e+30

==========================================================================
resizer max_fanout_check_limit
--------------------------------------------------------------------------
1.0000000150474662e+30

==========================================================================
resizer max_capacitance_check_slack
--------------------------------------------------------------------------
0.017316725105047226

==========================================================================
resizer max_capacitance_check_limit
--------------------------------------------------------------------------
0.021067000925540924

==========================================================================
resizer max_capacitance_check_slack_limit
--------------------------------------------------------------------------
0.8220

==========================================================================
resizer max_slew_violation_count
--------------------------------------------------------------------------
max slew violation count 0

==========================================================================
resizer max_fanout_violation_count
--------------------------------------------------------------------------
max fanout violation count 0

==========================================================================
resizer max_cap_violation_count
--------------------------------------------------------------------------
max cap violation count 0

==========================================================================
resizer setup_violation_count
--------------------------------------------------------------------------
setup violation count 0

==========================================================================
resizer hold_violation_count
--------------------------------------------------------------------------
hold violation count 1219

==========================================================================
resizer report_checks -path_delay max reg to reg
--------------------------------------------------------------------------
Startpoint: CPU_imm_a3[30]$_DFF_P_
            (rising edge-triggered flip-flop clocked by clk)
Endpoint: CPU_Xreg_value_a4[3][31]$_SDFFE_PP0P_
          (rising edge-triggered flip-flop clocked by clk)
Path Group: clk
Path Type: max

  Delay    Time   Description
---------------------------------------------------------
   0.00    0.00   clock clk (rise edge)
   0.00    0.00   clock network delay (ideal)
   0.00    0.00 ^ CPU_imm_a3[30]$_DFF_P_/CLK (sky130_fd_sc_hd__dfxtp_4)
   0.92    0.92 ^ CPU_imm_a3[30]$_DFF_P_/Q (sky130_fd_sc_hd__dfxtp_4)
   0.46    1.38 v _11580_/SUM (sky130_fd_sc_hd__ha_2)
   0.50    1.87 ^ _08116_/Y (sky130_fd_sc_hd__nor4_1)
   0.17    2.04 v _08121_/Y (sky130_fd_sc_hd__nand2_1)
   0.36    2.40 v _08266_/X (sky130_fd_sc_hd__a211o_1)
   0.32    2.72 ^ _08374_/Y (sky130_fd_sc_hd__a211oi_2)
   0.13    2.85 v _08586_/Y (sky130_fd_sc_hd__nand2_1)
   0.19    3.04 v _08587_/Y (sky130_fd_sc_hd__mux2i_2)
   0.67    3.71 ^ _08602_/Y (sky130_fd_sc_hd__nor3_4)
   0.20    3.91 v _09471_/Y (sky130_fd_sc_hd__o21ai_0)
   0.00    3.91 v CPU_Xreg_value_a4[3][31]$_SDFFE_PP0P_/D (sky130_fd_sc_hd__dfxtp_1)
           3.91   data arrival time

   9.55    9.55   clock clk (rise edge)
   0.00    9.55   clock network delay (ideal)
  -0.48    9.07   clock uncertainty
   0.00    9.07   clock reconvergence pessimism
           9.07 ^ CPU_Xreg_value_a4[3][31]$_SDFFE_PP0P_/CLK (sky130_fd_sc_hd__dfxtp_1)
  -0.05    9.03   library setup time
           9.03   data required time
---------------------------------------------------------
           9.03   data required time
          -3.91   data arrival time
---------------------------------------------------------
           5.12   slack (MET)



==========================================================================
resizer report_checks -path_delay min reg to reg
--------------------------------------------------------------------------
Startpoint: CPU_reset_a2$_DFF_P_
            (rising edge-triggered flip-flop clocked by clk)
Endpoint: CPU_reset_a3$_DFF_P_ (rising edge-triggered flip-flop clocked by clk)
Path Group: clk
Path Type: min

  Delay    Time   Description
---------------------------------------------------------
   0.00    0.00   clock clk (rise edge)
   0.00    0.00   clock network delay (ideal)
   0.00    0.00 ^ CPU_reset_a2$_DFF_P_/CLK (sky130_fd_sc_hd__dfxtp_1)
   0.40    0.40 v CPU_reset_a2$_DFF_P_/Q (sky130_fd_sc_hd__dfxtp_1)
   0.00    0.40 v CPU_reset_a3$_DFF_P_/D (sky130_fd_sc_hd__dfxtp_4)
           0.40   data arrival time

   0.00    0.00   clock clk (rise edge)
   0.00    0.00   clock network delay (ideal)
   0.76    0.76   clock uncertainty
   0.00    0.76   clock reconvergence pessimism
           0.76 ^ CPU_reset_a3$_DFF_P_/CLK (sky130_fd_sc_hd__dfxtp_4)
   0.06    0.82   library hold time
           0.82   data required time
---------------------------------------------------------
           0.82   data required time
          -0.40   data arrival time
---------------------------------------------------------
          -0.42   slack (VIOLATED)



==========================================================================
resizer critical path target clock latency max path
--------------------------------------------------------------------------
0

==========================================================================
resizer critical path target clock latency min path
--------------------------------------------------------------------------
0

==========================================================================
resizer critical path source clock latency min path
--------------------------------------------------------------------------
0

==========================================================================
resizer critical path delay
--------------------------------------------------------------------------
3.9051

==========================================================================
resizer critical path slack
--------------------------------------------------------------------------
5.1203

==========================================================================
resizer slack div critical path delay
--------------------------------------------------------------------------
131.118281

==========================================================================
resizer report_power
--------------------------------------------------------------------------
Group                  Internal  Switching    Leakage      Total
                          Power      Power      Power      Power (Watts)
----------------------------------------------------------------
Sequential             5.88e-03   7.36e-04   1.04e-08   6.61e-03  55.6%
Combinational          1.64e-03   3.63e-03   1.12e-08   5.27e-03  44.4%
Clock                  0.00e+00   0.00e+00   0.00e+00   0.00e+00   0.0%
Macro                  0.00e+00   0.00e+00   0.00e+00   0.00e+00   0.0%
Pad                    0.00e+00   0.00e+00   0.00e+00   0.00e+00   0.0%
----------------------------------------------------------------
Total                  7.52e-03   4.36e-03   2.16e-08   1.19e-02 100.0%
                          63.3%      36.7%       0.0%
