
==========================================================================
global place report_tns
--------------------------------------------------------------------------
tns -6012.22

==========================================================================
global place report_wns
--------------------------------------------------------------------------
wns -13.91

==========================================================================
global place report_worst_slack
--------------------------------------------------------------------------
worst slack -13.91

==========================================================================
global place report_checks -path_delay min
--------------------------------------------------------------------------
Startpoint: CPU_reset_a2$_DFF_P_
            (rising edge-triggered flip-flop clocked by clk)
Endpoint: CPU_reset_a3$_DFF_P_ (rising edge-triggered flip-flop clocked by clk)
Path Group: clk
Path Type: min

Fanout     Cap    Slew   Delay    Time   Description
-----------------------------------------------------------------------------
                  0.48    0.00    0.00   clock clk (rise edge)
                          0.00    0.00   clock network delay (ideal)
                  0.48    0.00    0.00 ^ CPU_reset_a2$_DFF_P_/CLK (sky130_fd_sc_hd__dfxtp_1)
     1    0.00    0.02    0.40    0.40 v CPU_reset_a2$_DFF_P_/Q (sky130_fd_sc_hd__dfxtp_1)
                                         CPU_reset_a2 (net)
                  0.02    0.00    0.40 v CPU_reset_a3$_DFF_P_/D (sky130_fd_sc_hd__dfxtp_1)
                                  0.40   data arrival time

                  0.48    0.00    0.00   clock clk (rise edge)
                          0.00    0.00   clock network delay (ideal)
                          0.76    0.76   clock uncertainty
                          0.00    0.76   clock reconvergence pessimism
                                  0.76 ^ CPU_reset_a3$_DFF_P_/CLK (sky130_fd_sc_hd__dfxtp_1)
                          0.05    0.82   library hold time
                                  0.82   data required time
-----------------------------------------------------------------------------
                                  0.82   data required time
                                 -0.40   data arrival time
-----------------------------------------------------------------------------
                                 -0.42   slack (VIOLATED)



==========================================================================
global place report_checks -path_delay max
--------------------------------------------------------------------------
Startpoint: CPU_reset_a3$_DFF_P_
            (rising edge-triggered flip-flop clocked by clk)
Endpoint: CPU_Xreg_value_a4[13][9]$_SDFFE_PP0P_
          (rising edge-triggered flip-flop clocked by clk)
Path Group: clk
Path Type: max

Fanout     Cap    Slew   Delay    Time   Description
-----------------------------------------------------------------------------
                  0.48    0.00    0.00   clock clk (rise edge)
                          0.00    0.00   clock network delay (ideal)
                  0.48    0.00    0.00 ^ CPU_reset_a3$_DFF_P_/CLK (sky130_fd_sc_hd__dfxtp_1)
   217    0.95    8.70    6.42    6.42 ^ CPU_reset_a3$_DFF_P_/Q (sky130_fd_sc_hd__dfxtp_1)
                                         CPU_reset_a3 (net)
                  8.70    0.09    6.51 ^ _07974_/A (sky130_fd_sc_hd__inv_1)
   317    1.10    0.00   15.44   21.95 v _07974_/Y (sky130_fd_sc_hd__inv_1)
                                         _02586_ (net)
                  0.00    0.16   22.11 v _08683_/B1 (sky130_fd_sc_hd__o21ai_1)
    15    0.07    1.26    0.62   22.72 ^ _08683_/Y (sky130_fd_sc_hd__o21ai_1)
                                         _03261_ (net)
                  1.26    0.00   22.73 ^ _09013_/A2 (sky130_fd_sc_hd__o31ai_1)
     1    0.00    0.29    0.14   22.87 v _09013_/Y (sky130_fd_sc_hd__o31ai_1)
                                         _00671_ (net)
                  0.29    0.00   22.87 v CPU_Xreg_value_a4[13][9]$_SDFFE_PP0P_/D (sky130_fd_sc_hd__dfxtp_1)
                                 22.87   data arrival time

                  0.48    9.55    9.55   clock clk (rise edge)
                          0.00    9.55   clock network delay (ideal)
                         -0.48    9.07   clock uncertainty
                          0.00    9.07   clock reconvergence pessimism
                                  9.07 ^ CPU_Xreg_value_a4[13][9]$_SDFFE_PP0P_/CLK (sky130_fd_sc_hd__dfxtp_1)
                         -0.12    8.96   library setup time
                                  8.96   data required time
-----------------------------------------------------------------------------
                                  8.96   data required time
                                -22.87   data arrival time
-----------------------------------------------------------------------------
                                -13.91   slack (VIOLATED)



==========================================================================
global place report_checks -unconstrained
--------------------------------------------------------------------------
Startpoint: CPU_reset_a3$_DFF_P_
            (rising edge-triggered flip-flop clocked by clk)
Endpoint: CPU_Xreg_value_a4[13][9]$_SDFFE_PP0P_
          (rising edge-triggered flip-flop clocked by clk)
Path Group: clk
Path Type: max

Fanout     Cap    Slew   Delay    Time   Description
-----------------------------------------------------------------------------
                  0.48    0.00    0.00   clock clk (rise edge)
                          0.00    0.00   clock network delay (ideal)
                  0.48    0.00    0.00 ^ CPU_reset_a3$_DFF_P_/CLK (sky130_fd_sc_hd__dfxtp_1)
   217    0.95    8.70    6.42    6.42 ^ CPU_reset_a3$_DFF_P_/Q (sky130_fd_sc_hd__dfxtp_1)
                                         CPU_reset_a3 (net)
                  8.70    0.09    6.51 ^ _07974_/A (sky130_fd_sc_hd__inv_1)
   317    1.10    0.00   15.44   21.95 v _07974_/Y (sky130_fd_sc_hd__inv_1)
                                         _02586_ (net)
                  0.00    0.16   22.11 v _08683_/B1 (sky130_fd_sc_hd__o21ai_1)
    15    0.07    1.26    0.62   22.72 ^ _08683_/Y (sky130_fd_sc_hd__o21ai_1)
                                         _03261_ (net)
                  1.26    0.00   22.73 ^ _09013_/A2 (sky130_fd_sc_hd__o31ai_1)
     1    0.00    0.29    0.14   22.87 v _09013_/Y (sky130_fd_sc_hd__o31ai_1)
                                         _00671_ (net)
                  0.29    0.00   22.87 v CPU_Xreg_value_a4[13][9]$_SDFFE_PP0P_/D (sky130_fd_sc_hd__dfxtp_1)
                                 22.87   data arrival time

                  0.48    9.55    9.55   clock clk (rise edge)
                          0.00    9.55   clock network delay (ideal)
                         -0.48    9.07   clock uncertainty
                          0.00    9.07   clock reconvergence pessimism
                                  9.07 ^ CPU_Xreg_value_a4[13][9]$_SDFFE_PP0P_/CLK (sky130_fd_sc_hd__dfxtp_1)
                         -0.12    8.96   library setup time
                                  8.96   data required time
-----------------------------------------------------------------------------
                                  8.96   data required time
                                -22.87   data arrival time
-----------------------------------------------------------------------------
                                -13.91   slack (VIOLATED)



==========================================================================
global place report_power
--------------------------------------------------------------------------
Group                  Internal  Switching    Leakage      Total
                          Power      Power      Power      Power (Watts)
----------------------------------------------------------------
Sequential             5.83e-03   6.84e-04   1.03e-08   6.51e-03  61.7%
Combinational          1.06e-03   2.98e-03   8.70e-09   4.05e-03  38.3%
Clock                  0.00e+00   0.00e+00   0.00e+00   0.00e+00   0.0%
Macro                  0.00e+00   0.00e+00   0.00e+00   0.00e+00   0.0%
Pad                    0.00e+00   0.00e+00   0.00e+00   0.00e+00   0.0%
----------------------------------------------------------------
Total                  6.89e-03   3.67e-03   1.90e-08   1.06e-02 100.0%
                          65.3%      34.7%       0.0%
