OpenROAD v2.0-17013-gf7f634f88 
Features included (+) or not (-): +Charts +GPU +GUI +Python
This program is licensed under the BSD-3 license. See the LICENSE file for details.
Components of this program may be licensed under more restrictive licenses which must be honored.
[INFO ORD-0030] Using 12 thread(s).
Placement Analysis
---------------------------------
total displacement      21816.3 u
average displacement        2.4 u
max displacement           38.0 u
original HPWL          138953.1 u
legalized HPWL         160065.8 u
delta HPWL                   15 %

Detailed placement improvement.
Importing netlist into detailed improver.
[INFO DPO-0100] Creating network with 9246 cells, 12 terminals, 6671 edges, 24101 pins, and 0 blockages.
[INFO DPO-0109] Network stats: inst 9258, edges 6671, pins 24101
[INFO DPO-0110] Number of regions is 1
[INFO DPO-0401] Setting random seed to 1.
[INFO DPO-0402] Setting maximum displacement 5 1 to 13600 2720 units.
[INFO DPO-0320] Collected 2727 fixed cells.
[INFO DPO-0318] Collected 6531 single height cells.
[INFO DPO-0321] Collected 0 wide cells.
[INFO DPO-0322] Image (20240, 21760) - (439760, 508640)
[INFO DPO-0310] Assigned 6531 cells into segments.  Movement in X-direction is 0.000000, movement in Y-direction is 0.000000.
[INFO DPO-0313] Found 0 cells in wrong regions.
[INFO DPO-0315] Found 0 row alignment problems.
[INFO DPO-0314] Found 0 site alignment problems.
[INFO DPO-0311] Found 0 overlaps between adjacent cells.
[INFO DPO-0312] Found 0 edge spacing violations and 0 padding violations.
[INFO DPO-0303] Running algorithm for independent set matching.
[INFO DPO-0300] Set matching objective is wirelength.
[INFO DPO-0301] Pass   1 of matching; objective is 1.608900e+08.
[INFO DPO-0302] End of matching; objective is 1.605653e+08, improvement is 0.20 percent.
[INFO DPO-0303] Running algorithm for global swaps.
[INFO DPO-0306] Pass   1 of global swaps; hpwl is 1.570891e+08.
[INFO DPO-0306] Pass   2 of global swaps; hpwl is 1.564669e+08.
[INFO DPO-0307] End of global swaps; objective is 1.564669e+08, improvement is 2.55 percent.
[INFO DPO-0303] Running algorithm for vertical swaps.
[INFO DPO-0308] Pass   1 of vertical swaps; hpwl is 1.557203e+08.
[INFO DPO-0309] End of vertical swaps; objective is 1.557203e+08, improvement is 0.48 percent.
[INFO DPO-0303] Running algorithm for reordering.
[INFO DPO-0304] Pass   1 of reordering; objective is 1.551124e+08.
[INFO DPO-0305] End of reordering; objective is 1.551124e+08, improvement is 0.39 percent.
[INFO DPO-0303] Running algorithm for random improvement.
[INFO DPO-0324] Random improver is using displacement generator.
[INFO DPO-0325] Random improver is using hpwl objective.
[INFO DPO-0326] Random improver cost string is (a).
[INFO DPO-0332] End of pass, Generator displacement called 130620 times.
[INFO DPO-0335] Generator displacement, Cumulative attempts 130620, swaps 18282, moves 31120 since last reset.
[INFO DPO-0333] End of pass, Objective hpwl, Initial cost 1.536407e+08, Scratch cost 1.514003e+08, Incremental cost 1.514003e+08, Mismatch? N
[INFO DPO-0338] End of pass, Total cost is 1.514003e+08.
[INFO DPO-0327] Pass   1 of random improver; improvement in cost is 1.46 percent.
[INFO DPO-0332] End of pass, Generator displacement called 130620 times.
[INFO DPO-0335] Generator displacement, Cumulative attempts 261240, swaps 35769, moves 62316 since last reset.
[INFO DPO-0333] End of pass, Objective hpwl, Initial cost 1.514003e+08, Scratch cost 1.506149e+08, Incremental cost 1.506149e+08, Mismatch? N
[INFO DPO-0338] End of pass, Total cost is 1.506149e+08.
[INFO DPO-0327] Pass   2 of random improver; improvement in cost is 0.52 percent.
[INFO DPO-0328] End of random improver; improvement is 1.969376 percent.
[INFO DPO-0380] Cell flipping.
[INFO DPO-0382] Changed 3209 cell orientations for row compatibility.
[INFO DPO-0383] Performed 1672 cell flips.
[INFO DPO-0384] End of flipping; objective is 1.502440e+08, improvement is 1.22 percent.
[INFO DPO-0313] Found 0 cells in wrong regions.
[INFO DPO-0315] Found 0 row alignment problems.
[INFO DPO-0314] Found 0 site alignment problems.
[INFO DPO-0311] Found 0 overlaps between adjacent cells.
[INFO DPO-0312] Found 0 edge spacing violations and 0 padding violations.
Detailed Improvement Results
------------------------------------------
Original HPWL           160065.8 u
Final HPWL              148834.0 u
Delta HPWL                  -7.0 %

[INFO DPL-0020] Mirrored 338 instances
[INFO DPL-0021] HPWL before          148834.0 u
[INFO DPL-0022] HPWL after           148736.7 u
[INFO DPL-0023] HPWL delta               -0.1 %
[INFO FLW-0012] Placement violations .
Report metrics stage 3, detailed place...

==========================================================================
detailed place report_design_area
--------------------------------------------------------------------------
Design area 65588 u^2 32% utilization.
Elapsed time: 0:02.83[h:]min:sec. CPU time: user 2.77 sys 0.05 (99%). Peak memory: 187448KB.
