OpenROAD v2.0-17013-gf7f634f88 
Features included (+) or not (-): +Charts +GPU +GUI +Python
This program is licensed under the BSD-3 license. See the LICENSE file for details.
Components of this program may be licensed under more restrictive licenses which must be honored.
[INFO ORD-0030] Using 12 thread(s).
Deleted 0 routing obstructions
[INFO RCX-0431] Defined process_corner X with ext_model_index 0
[INFO RCX-0029] Defined extraction corner X
[INFO RCX-0435] Reading extraction model file /home/nitheesh-kumar/ORFS/OpenROAD-flow-scripts/flow/platforms/sky130hd/rcx_patterns.rules ...
[INFO RCX-0436] RC segment generation RV_CPU (max_merge_res 50.0) ...
[INFO RCX-0040] Final 32202 rc segments
[INFO RCX-0439] Coupling Cap extraction RV_CPU ...
[INFO RCX-0440] Coupling threshhold is 0.1000 fF, coupling capacitance less than 0.1000 fF will be grounded.
[INFO RCX-0442] 53% of 79070 wires extracted
[INFO RCX-0442] 100% of 79070 wires extracted
[INFO RCX-0045] Extract 8553 nets, 40690 rsegs, 40690 caps, 92229 ccs
[INFO RCX-0443] 8553 nets finished
[INFO PSM-0040] All shapes on net VDD are connected.
[INFO PSM-0073] Using bump pattern with x-pitch 140.0000um, y-pitch 140.0000um, and size 70.0000um with an reduction factor of 3x.
########## IR report #################
Net              : VDD
Corner           : default
Supply voltage   : 1.80e+00 V
Worstcase voltage: 1.80e+00 V
Average voltage  : 1.80e+00 V
Average IR drop  : 2.58e-04 V
Worstcase IR drop: 7.38e-04 V
Percentage drop  : 0.04 %
######################################
[INFO PSM-0040] All shapes on net VSS are connected.
[INFO PSM-0073] Using bump pattern with x-pitch 140.0000um, y-pitch 140.0000um, and size 70.0000um with an reduction factor of 3x.
########## IR report #################
Net              : VSS
Corner           : default
Supply voltage   : 0.00e+00 V
Worstcase voltage: 8.97e-04 V
Average voltage  : 3.45e-04 V
Average IR drop  : 3.45e-04 V
Worstcase IR drop: 8.97e-04 V
Percentage drop  : 0.05 %
######################################
Cell type report:                       Count       Area
  Antenna cell                             15      37.54
  Clock buffer                            210    4299.12
  Timing Repair Buffer                   1852   19368.58
  Inverter                                113     505.48
  Clock inverter                           45     621.85
  Sequential cell                        1274   25779.72
  Multi-Input combinational cell         5034   33973.83
  Total                                  8543   84586.12
Report metrics stage 6, finish...

==========================================================================
finish report_design_area
--------------------------------------------------------------------------
Design area 87983 u^2 43% utilization.
[WARNING GUI-0076] Could not find the Qt platform plugin "wayland" in ""
Elapsed time: 0:08.66[h:]min:sec. CPU time: user 8.48 sys 0.21 (100%). Peak memory: 462712KB.
