OpenROAD v2.0-17013-gf7f634f88 
Features included (+) or not (-): +Charts +GPU +GUI +Python
This program is licensed under the BSD-3 license. See the LICENSE file for details.
Components of this program may be licensed under more restrictive licenses which must be honored.
[INFO ORD-0030] Using 12 thread(s).
Placement Analysis
---------------------------------
total displacement      17889.6 u
average displacement        0.6 u
max displacement           30.8 u
original HPWL          151899.3 u
legalized HPWL         166003.8 u
delta HPWL                    9 %

Detailed placement improvement.
Importing netlist into detailed improver.
[INFO DPO-0100] Creating network with 30413 cells, 7 terminals, 6672 edges, 23992 pins, and 0 blockages.
[INFO DPO-0109] Network stats: inst 30420, edges 6672, pins 23992
[INFO DPO-0110] Number of regions is 1
[INFO DPO-0401] Setting random seed to 1.
[INFO DPO-0402] Setting maximum displacement 5 1 to 13600 2720 units.
[INFO DPO-0320] Collected 24111 fixed cells.
[INFO DPO-0318] Collected 6526 single height cells.
[INFO DPO-0321] Collected 0 wide cells.
[INFO DPO-0322] Image (20240, 21760) - (1589760, 1588480)
[INFO DPO-0310] Assigned 6526 cells into segments.  Movement in X-direction is 0.000000, movement in Y-direction is 0.000000.
[INFO DPO-0313] Found 0 cells in wrong regions.
[INFO DPO-0315] Found 0 row alignment problems.
[INFO DPO-0314] Found 0 site alignment problems.
[INFO DPO-0311] Found 0 overlaps between adjacent cells.
[INFO DPO-0312] Found 0 edge spacing violations and 0 padding violations.
[INFO DPO-0303] Running algorithm for independent set matching.
[INFO DPO-0300] Set matching objective is wirelength.
[INFO DPO-0301] Pass   1 of matching; objective is 1.652445e+08.
[INFO DPO-0302] End of matching; objective is 1.650944e+08, improvement is 0.09 percent.
[INFO DPO-0303] Running algorithm for global swaps.
[INFO DPO-0306] Pass   1 of global swaps; hpwl is 1.622685e+08.
[INFO DPO-0306] Pass   2 of global swaps; hpwl is 1.618072e+08.
[INFO DPO-0307] End of global swaps; objective is 1.618072e+08, improvement is 1.99 percent.
[INFO DPO-0303] Running algorithm for vertical swaps.
[INFO DPO-0308] Pass   1 of vertical swaps; hpwl is 1.613810e+08.
[INFO DPO-0309] End of vertical swaps; objective is 1.613810e+08, improvement is 0.26 percent.
[INFO DPO-0303] Running algorithm for reordering.
[INFO DPO-0304] Pass   1 of reordering; objective is 1.608068e+08.
[INFO DPO-0305] End of reordering; objective is 1.608068e+08, improvement is 0.36 percent.
[INFO DPO-0303] Running algorithm for random improvement.
[INFO DPO-0324] Random improver is using displacement generator.
[INFO DPO-0325] Random improver is using hpwl objective.
[INFO DPO-0326] Random improver cost string is (a).
[INFO DPO-0332] End of pass, Generator displacement called 130520 times.
[INFO DPO-0335] Generator displacement, Cumulative attempts 130520, swaps 17658, moves 32829 since last reset.
[INFO DPO-0333] End of pass, Objective hpwl, Initial cost 1.584708e+08, Scratch cost 1.564573e+08, Incremental cost 1.564573e+08, Mismatch? N
[INFO DPO-0338] End of pass, Total cost is 1.564573e+08.
[INFO DPO-0327] Pass   1 of random improver; improvement in cost is 1.27 percent.
[INFO DPO-0332] End of pass, Generator displacement called 130520 times.
[INFO DPO-0335] Generator displacement, Cumulative attempts 261040, swaps 34890, moves 65415 since last reset.
[INFO DPO-0333] End of pass, Objective hpwl, Initial cost 1.564573e+08, Scratch cost 1.556767e+08, Incremental cost 1.556767e+08, Mismatch? N
[INFO DPO-0338] End of pass, Total cost is 1.556767e+08.
[INFO DPO-0327] Pass   2 of random improver; improvement in cost is 0.50 percent.
[INFO DPO-0328] End of random improver; improvement is 1.763181 percent.
[INFO DPO-0380] Cell flipping.
[INFO DPO-0382] Changed 3205 cell orientations for row compatibility.
[INFO DPO-0383] Performed 1888 cell flips.
[INFO DPO-0384] End of flipping; objective is 1.554424e+08, improvement is 1.63 percent.
[INFO DPO-0313] Found 0 cells in wrong regions.
[INFO DPO-0315] Found 0 row alignment problems.
[INFO DPO-0314] Found 0 site alignment problems.
[INFO DPO-0311] Found 0 overlaps between adjacent cells.
[INFO DPO-0312] Found 0 edge spacing violations and 0 padding violations.
Detailed Improvement Results
------------------------------------------
Original HPWL           166003.8 u
Final HPWL              156072.7 u
Delta HPWL                  -6.0 %

[INFO DPL-0020] Mirrored 291 instances
[INFO DPL-0021] HPWL before          156072.7 u
[INFO DPL-0022] HPWL after           155955.3 u
[INFO DPL-0023] HPWL delta               -0.1 %
[INFO FLW-0012] Placement violations .
Report metrics stage 3, detailed place...

==========================================================================
detailed place report_design_area
--------------------------------------------------------------------------
Design area 753165 u^2 31% utilization.
Elapsed time: 0:03.56[h:]min:sec. CPU time: user 3.44 sys 0.12 (99%). Peak memory: 446000KB.
