
==========================================================================
detailed place report_tns
--------------------------------------------------------------------------
tns 0.00

==========================================================================
detailed place report_wns
--------------------------------------------------------------------------
wns 0.00

==========================================================================
detailed place report_worst_slack
--------------------------------------------------------------------------
worst slack 4.54

==========================================================================
detailed place report_checks -path_delay min
--------------------------------------------------------------------------
Startpoint: core.CPU_rd_a2[2]$_DFF_P_
            (rising edge-triggered flip-flop clocked by clk)
Endpoint: core.CPU_rd_a3[2]$_DFF_P_
          (rising edge-triggered flip-flop clocked by clk)
Path Group: clk
Path Type: min

Fanout     Cap    Slew   Delay    Time   Description
-----------------------------------------------------------------------------
                  0.48    0.00    0.00   clock clk (rise edge)
                          0.00    0.00   clock network delay (ideal)
                  0.48    0.00    0.00 ^ core.CPU_rd_a2[2]$_DFF_P_/CLK (sky130_fd_sc_hd__dfxtp_1)
     1    0.00    0.03    0.40    0.40 v core.CPU_rd_a2[2]$_DFF_P_/Q (sky130_fd_sc_hd__dfxtp_1)
                                         core.CPU_rd_a2[2] (net)
                  0.03    0.00    0.40 v core.CPU_rd_a3[2]$_DFF_P_/D (sky130_fd_sc_hd__dfxtp_2)
                                  0.40   data arrival time

                  0.48    0.00    0.00   clock clk (rise edge)
                          0.00    0.00   clock network delay (ideal)
                          0.76    0.76   clock uncertainty
                          0.00    0.76   clock reconvergence pessimism
                                  0.76 ^ core.CPU_rd_a3[2]$_DFF_P_/CLK (sky130_fd_sc_hd__dfxtp_2)
                          0.06    0.82   library hold time
                                  0.82   data required time
-----------------------------------------------------------------------------
                                  0.82   data required time
                                 -0.40   data arrival time
-----------------------------------------------------------------------------
                                 -0.42   slack (VIOLATED)



==========================================================================
detailed place report_checks -path_delay max
--------------------------------------------------------------------------
Startpoint: core.CPU_valid_load_a5$_DFF_P_
            (rising edge-triggered flip-flop clocked by clk)
Endpoint: core.CPU_Xreg_value_a4[14][18]$_SDFFE_PP0P_
          (rising edge-triggered flip-flop clocked by clk)
Path Group: clk
Path Type: max

Fanout     Cap    Slew   Delay    Time   Description
-----------------------------------------------------------------------------
                  0.48    0.00    0.00   clock clk (rise edge)
                          0.00    0.00   clock network delay (ideal)
                  0.48    0.00    0.00 ^ core.CPU_valid_load_a5$_DFF_P_/CLK (sky130_fd_sc_hd__dfxtp_1)
     2    0.02    0.17    0.51    0.51 ^ core.CPU_valid_load_a5$_DFF_P_/Q (sky130_fd_sc_hd__dfxtp_1)
                                         core.CPU_valid_load_a5 (net)
                  0.17    0.00    0.51 ^ _05805_/D (sky130_fd_sc_hd__or4_4)
    48    0.47    1.33    1.02    1.53 ^ _05805_/X (sky130_fd_sc_hd__or4_4)
                                         _01035_ (net)
                  1.33    0.07    1.60 ^ _05806_/A (sky130_fd_sc_hd__clkinv_16)
    48    0.45    0.53    0.56    2.16 v _05806_/Y (sky130_fd_sc_hd__clkinv_16)
                                         _01036_ (net)
                  0.54    0.04    2.20 v _07859_/C (sky130_fd_sc_hd__nor3_1)
     1    0.01    0.28    0.36    2.56 ^ _07859_/Y (sky130_fd_sc_hd__nor3_1)
                                         _02490_ (net)
                  0.28    0.00    2.56 ^ _07860_/B1 (sky130_fd_sc_hd__a21oi_2)
     3    0.02    0.14    0.12    2.68 v _07860_/Y (sky130_fd_sc_hd__a21oi_2)
                                         _02491_ (net)
                  0.14    0.00    2.68 v _07956_/B (sky130_fd_sc_hd__nor3_4)
     4    0.08    0.76    0.67    3.34 ^ _07956_/Y (sky130_fd_sc_hd__nor3_4)
                                         _02586_ (net)
                  0.76    0.00    3.34 ^ _08969_/A (sky130_fd_sc_hd__nand2_8)
    49    0.28    0.44    0.48    3.83 v _08969_/Y (sky130_fd_sc_hd__nand2_8)
                                         _03467_ (net)
                  0.44    0.04    3.87 v _08993_/B (sky130_fd_sc_hd__nor2_2)
     5    0.02    0.29    0.38    4.25 ^ _08993_/Y (sky130_fd_sc_hd__nor2_2)
                                         _03483_ (net)
                  0.29    0.00    4.25 ^ _08994_/B1 (sky130_fd_sc_hd__o21ai_0)
     1    0.00    0.11    0.15    4.39 v _08994_/Y (sky130_fd_sc_hd__o21ai_0)
                                         _03484_ (net)
                  0.11    0.00    4.39 v _08997_/A1 (sky130_fd_sc_hd__a21oi_1)
     1    0.00    0.10    0.13    4.53 ^ _08997_/Y (sky130_fd_sc_hd__a21oi_1)
                                         _00681_ (net)
                  0.10    0.00    4.53 ^ core.CPU_Xreg_value_a4[14][18]$_SDFFE_PP0P_/D (sky130_fd_sc_hd__dfxtp_1)
                                  4.53   data arrival time

                  0.48    9.55    9.55   clock clk (rise edge)
                          0.00    9.55   clock network delay (ideal)
                         -0.48    9.07   clock uncertainty
                          0.00    9.07   clock reconvergence pessimism
                                  9.07 ^ core.CPU_Xreg_value_a4[14][18]$_SDFFE_PP0P_/CLK (sky130_fd_sc_hd__dfxtp_1)
                          0.00    9.07   library setup time
                                  9.07   data required time
-----------------------------------------------------------------------------
                                  9.07   data required time
                                 -4.53   data arrival time
-----------------------------------------------------------------------------
                                  4.54   slack (MET)



==========================================================================
detailed place report_checks -unconstrained
--------------------------------------------------------------------------
Startpoint: core.CPU_valid_load_a5$_DFF_P_
            (rising edge-triggered flip-flop clocked by clk)
Endpoint: core.CPU_Xreg_value_a4[14][18]$_SDFFE_PP0P_
          (rising edge-triggered flip-flop clocked by clk)
Path Group: clk
Path Type: max

Fanout     Cap    Slew   Delay    Time   Description
-----------------------------------------------------------------------------
                  0.48    0.00    0.00   clock clk (rise edge)
                          0.00    0.00   clock network delay (ideal)
                  0.48    0.00    0.00 ^ core.CPU_valid_load_a5$_DFF_P_/CLK (sky130_fd_sc_hd__dfxtp_1)
     2    0.02    0.17    0.51    0.51 ^ core.CPU_valid_load_a5$_DFF_P_/Q (sky130_fd_sc_hd__dfxtp_1)
                                         core.CPU_valid_load_a5 (net)
                  0.17    0.00    0.51 ^ _05805_/D (sky130_fd_sc_hd__or4_4)
    48    0.47    1.33    1.02    1.53 ^ _05805_/X (sky130_fd_sc_hd__or4_4)
                                         _01035_ (net)
                  1.33    0.07    1.60 ^ _05806_/A (sky130_fd_sc_hd__clkinv_16)
    48    0.45    0.53    0.56    2.16 v _05806_/Y (sky130_fd_sc_hd__clkinv_16)
                                         _01036_ (net)
                  0.54    0.04    2.20 v _07859_/C (sky130_fd_sc_hd__nor3_1)
     1    0.01    0.28    0.36    2.56 ^ _07859_/Y (sky130_fd_sc_hd__nor3_1)
                                         _02490_ (net)
                  0.28    0.00    2.56 ^ _07860_/B1 (sky130_fd_sc_hd__a21oi_2)
     3    0.02    0.14    0.12    2.68 v _07860_/Y (sky130_fd_sc_hd__a21oi_2)
                                         _02491_ (net)
                  0.14    0.00    2.68 v _07956_/B (sky130_fd_sc_hd__nor3_4)
     4    0.08    0.76    0.67    3.34 ^ _07956_/Y (sky130_fd_sc_hd__nor3_4)
                                         _02586_ (net)
                  0.76    0.00    3.34 ^ _08969_/A (sky130_fd_sc_hd__nand2_8)
    49    0.28    0.44    0.48    3.83 v _08969_/Y (sky130_fd_sc_hd__nand2_8)
                                         _03467_ (net)
                  0.44    0.04    3.87 v _08993_/B (sky130_fd_sc_hd__nor2_2)
     5    0.02    0.29    0.38    4.25 ^ _08993_/Y (sky130_fd_sc_hd__nor2_2)
                                         _03483_ (net)
                  0.29    0.00    4.25 ^ _08994_/B1 (sky130_fd_sc_hd__o21ai_0)
     1    0.00    0.11    0.15    4.39 v _08994_/Y (sky130_fd_sc_hd__o21ai_0)
                                         _03484_ (net)
                  0.11    0.00    4.39 v _08997_/A1 (sky130_fd_sc_hd__a21oi_1)
     1    0.00    0.10    0.13    4.53 ^ _08997_/Y (sky130_fd_sc_hd__a21oi_1)
                                         _00681_ (net)
                  0.10    0.00    4.53 ^ core.CPU_Xreg_value_a4[14][18]$_SDFFE_PP0P_/D (sky130_fd_sc_hd__dfxtp_1)
                                  4.53   data arrival time

                  0.48    9.55    9.55   clock clk (rise edge)
                          0.00    9.55   clock network delay (ideal)
                         -0.48    9.07   clock uncertainty
                          0.00    9.07   clock reconvergence pessimism
                                  9.07 ^ core.CPU_Xreg_value_a4[14][18]$_SDFFE_PP0P_/CLK (sky130_fd_sc_hd__dfxtp_1)
                          0.00    9.07   library setup time
                                  9.07   data required time
-----------------------------------------------------------------------------
                                  9.07   data required time
                                 -4.53   data arrival time
-----------------------------------------------------------------------------
                                  4.54   slack (MET)



==========================================================================
detailed place report_check_types -max_slew -max_cap -max_fanout -violators
--------------------------------------------------------------------------

==========================================================================
detailed place max_slew_check_slack
--------------------------------------------------------------------------
0.165293887257576

==========================================================================
detailed place max_slew_check_limit
--------------------------------------------------------------------------
1.5

==========================================================================
detailed place max_slew_check_slack_limit
--------------------------------------------------------------------------
0.1102

==========================================================================
detailed place max_fanout_check_slack
--------------------------------------------------------------------------
1.0000000150474662e+30

==========================================================================
detailed place max_fanout_check_limit
--------------------------------------------------------------------------
1.0000000150474662e+30

==========================================================================
detailed place max_capacitance_check_slack
--------------------------------------------------------------------------
0.018481548875570297

==========================================================================
detailed place max_capacitance_check_limit
--------------------------------------------------------------------------
0.021067000925540924

==========================================================================
detailed place max_capacitance_check_slack_limit
--------------------------------------------------------------------------
0.8773

==========================================================================
detailed place max_slew_violation_count
--------------------------------------------------------------------------
max slew violation count 0

==========================================================================
detailed place max_fanout_violation_count
--------------------------------------------------------------------------
max fanout violation count 0

==========================================================================
detailed place max_cap_violation_count
--------------------------------------------------------------------------
max cap violation count 0

==========================================================================
detailed place setup_violation_count
--------------------------------------------------------------------------
setup violation count 0

==========================================================================
detailed place hold_violation_count
--------------------------------------------------------------------------
hold violation count 1211

==========================================================================
detailed place report_checks -path_delay max reg to reg
--------------------------------------------------------------------------
Startpoint: core.CPU_valid_load_a5$_DFF_P_
            (rising edge-triggered flip-flop clocked by clk)
Endpoint: core.CPU_Xreg_value_a4[14][18]$_SDFFE_PP0P_
          (rising edge-triggered flip-flop clocked by clk)
Path Group: clk
Path Type: max

  Delay    Time   Description
---------------------------------------------------------
   0.00    0.00   clock clk (rise edge)
   0.00    0.00   clock network delay (ideal)
   0.00    0.00 ^ core.CPU_valid_load_a5$_DFF_P_/CLK (sky130_fd_sc_hd__dfxtp_1)
   0.51    0.51 ^ core.CPU_valid_load_a5$_DFF_P_/Q (sky130_fd_sc_hd__dfxtp_1)
   1.02    1.53 ^ _05805_/X (sky130_fd_sc_hd__or4_4)
   0.63    2.16 v _05806_/Y (sky130_fd_sc_hd__clkinv_16)
   0.39    2.56 ^ _07859_/Y (sky130_fd_sc_hd__nor3_1)
   0.12    2.68 v _07860_/Y (sky130_fd_sc_hd__a21oi_2)
   0.67    3.34 ^ _07956_/Y (sky130_fd_sc_hd__nor3_4)
   0.48    3.83 v _08969_/Y (sky130_fd_sc_hd__nand2_8)
   0.42    4.25 ^ _08993_/Y (sky130_fd_sc_hd__nor2_2)
   0.15    4.39 v _08994_/Y (sky130_fd_sc_hd__o21ai_0)
   0.13    4.53 ^ _08997_/Y (sky130_fd_sc_hd__a21oi_1)
   0.00    4.53 ^ core.CPU_Xreg_value_a4[14][18]$_SDFFE_PP0P_/D (sky130_fd_sc_hd__dfxtp_1)
           4.53   data arrival time

   9.55    9.55   clock clk (rise edge)
   0.00    9.55   clock network delay (ideal)
  -0.48    9.07   clock uncertainty
   0.00    9.07   clock reconvergence pessimism
           9.07 ^ core.CPU_Xreg_value_a4[14][18]$_SDFFE_PP0P_/CLK (sky130_fd_sc_hd__dfxtp_1)
   0.00    9.07   library setup time
           9.07   data required time
---------------------------------------------------------
           9.07   data required time
          -4.53   data arrival time
---------------------------------------------------------
           4.54   slack (MET)



==========================================================================
detailed place report_checks -path_delay min reg to reg
--------------------------------------------------------------------------
Startpoint: core.CPU_rd_a2[2]$_DFF_P_
            (rising edge-triggered flip-flop clocked by clk)
Endpoint: core.CPU_rd_a3[2]$_DFF_P_
          (rising edge-triggered flip-flop clocked by clk)
Path Group: clk
Path Type: min

  Delay    Time   Description
---------------------------------------------------------
   0.00    0.00   clock clk (rise edge)
   0.00    0.00   clock network delay (ideal)
   0.00    0.00 ^ core.CPU_rd_a2[2]$_DFF_P_/CLK (sky130_fd_sc_hd__dfxtp_1)
   0.40    0.40 v core.CPU_rd_a2[2]$_DFF_P_/Q (sky130_fd_sc_hd__dfxtp_1)
   0.00    0.40 v core.CPU_rd_a3[2]$_DFF_P_/D (sky130_fd_sc_hd__dfxtp_2)
           0.40   data arrival time

   0.00    0.00   clock clk (rise edge)
   0.00    0.00   clock network delay (ideal)
   0.76    0.76   clock uncertainty
   0.00    0.76   clock reconvergence pessimism
           0.76 ^ core.CPU_rd_a3[2]$_DFF_P_/CLK (sky130_fd_sc_hd__dfxtp_2)
   0.06    0.82   library hold time
           0.82   data required time
---------------------------------------------------------
           0.82   data required time
          -0.40   data arrival time
---------------------------------------------------------
          -0.42   slack (VIOLATED)



==========================================================================
detailed place critical path target clock latency max path
--------------------------------------------------------------------------
0

==========================================================================
detailed place critical path target clock latency min path
--------------------------------------------------------------------------
0

==========================================================================
detailed place critical path source clock latency min path
--------------------------------------------------------------------------
0

==========================================================================
detailed place critical path delay
--------------------------------------------------------------------------
4.5268

==========================================================================
detailed place critical path slack
--------------------------------------------------------------------------
4.5421

==========================================================================
detailed place slack div critical path delay
--------------------------------------------------------------------------
100.337987

==========================================================================
detailed place report_power
--------------------------------------------------------------------------
Group                  Internal  Switching    Leakage      Total
                          Power      Power      Power      Power (Watts)
----------------------------------------------------------------
Sequential             5.92e-03   8.77e-04   1.04e-08   6.79e-03  56.9%
Combinational          1.62e-03   3.53e-03   1.08e-08   5.15e-03  43.1%
Clock                  0.00e+00   0.00e+00   0.00e+00   0.00e+00   0.0%
Macro                  0.00e+00   0.00e+00   0.00e+00   0.00e+00   0.0%
Pad                    0.00e+00   0.00e+00   0.00e+00   0.00e+00   0.0%
----------------------------------------------------------------
Total                  7.54e-03   4.40e-03   2.11e-08   1.19e-02 100.0%
                          63.1%      36.9%       0.0%
